<?xml version="1.0" encoding="UTF-8"?>
<!-- Generated by org.testng.reporters.JUnitReportReporter -->
<testsuite hostname="Dell7000" failures="0" tests="2" name="com.deckofcardsapi.testcases.Test01_GET" time="2.478" errors="0" timestamp="2020-06-18T03:43:50 EDT" skipped="0">
  <testcase classname="com.deckofcardsapi.testcases.Test01_GET" name="test_01" time="2.298"/>
  <system-out/>
  <testcase classname="com.deckofcardsapi.testcases.Test01_GET" name="test_02" time="0.180"/>
  <system-out/>
</testsuite> <!-- com.deckofcardsapi.testcases.Test01_GET -->
