<?xml version="1.0" encoding="UTF-8"?>
<!-- Generated by org.testng.reporters.JUnitReportReporter -->
<testsuite hostname="Dell7000" failures="0" tests="5" name="com.deckofcardsapi.testcases.GetNewDeckAPITests" time="2.655" errors="0" timestamp="2020-06-18T13:38:33 EDT" skipped="0">
  <testcase classname="com.deckofcardsapi.testcases.GetNewDeckAPITests" name="checkHeaderContent" time="0.235"/>
  <system-out/>
  <testcase classname="com.deckofcardsapi.testcases.GetNewDeckAPITests" name="checkResponseTime" time="0.176"/>
  <system-out/>
  <testcase classname="com.deckofcardsapi.testcases.GetNewDeckAPITests" name="checkResponseKeyAndValue" time="1.866"/>
  <system-out/>
  <testcase classname="com.deckofcardsapi.testcases.GetNewDeckAPITests" name="checkStatusCode" time="0.153"/>
  <system-out/>
  <testcase classname="com.deckofcardsapi.testcases.GetNewDeckAPITests" name="checkResponseKey" time="0.225"/>
  <system-out/>
</testsuite> <!-- com.deckofcardsapi.testcases.GetNewDeckAPITests -->
