<?xml version="1.0" encoding="UTF-8"?>
<!-- Generated by org.testng.reporters.JUnitReportReporter -->
<testsuite hostname="Dell7000" failures="0" tests="4" name="com.deckofcardsapi.testcases.GetAPITests" time="2.094" errors="0" timestamp="2020-06-18T12:27:15 EDT" skipped="0">
  <testcase classname="com.deckofcardsapi.testcases.GetAPITests" name="checkStatusCode" time="1.446"/>
  <system-out/>
  <testcase classname="com.deckofcardsapi.testcases.GetAPITests" name="checkResponseKey" time="0.264"/>
  <system-out/>
  <testcase classname="com.deckofcardsapi.testcases.GetAPITests" name="checkHeaderContent" time="0.185"/>
  <system-out/>
  <testcase classname="com.deckofcardsapi.testcases.GetAPITests" name="checkResponseTime" time="0.199"/>
  <system-out/>
</testsuite> <!-- com.deckofcardsapi.testcases.GetAPITests -->
