<?xml version="1.0" encoding="UTF-8"?>
<!-- Generated by org.testng.reporters.JUnitReportReporter -->
<testsuite hostname="Dell7000" failures="0" tests="1" name="com.deckofcardsapi.base.BaseTest" time="0.009" errors="0" timestamp="2020-06-18T03:46:56 EDT" skipped="0">
  <testcase classname="com.deckofcardsapi.base.BaseTest" name="setup" time="0.009"/>
  <system-out/>
</testsuite> <!-- com.deckofcardsapi.base.BaseTest -->
