<?xml version="1.0" encoding="UTF-8"?>
<!-- Generated by org.testng.reporters.JUnitReportReporter -->
<testsuite hostname="Dell7000" failures="0" tests="1" name="com.deckofcardsapi.testcases.GetDrawCardsAPITests" time="1.856" errors="0" timestamp="2020-06-18T13:38:21 EDT" skipped="0">
  <testcase classname="com.deckofcardsapi.testcases.GetDrawCardsAPITests" name="checkResponseKeyAndValue" time="1.856"/>
  <system-out/>
</testsuite> <!-- com.deckofcardsapi.testcases.GetDrawCardsAPITests -->
