<?xml version="1.0" encoding="UTF-8"?>
<!-- Generated by org.testng.reporters.JUnitReportReporter -->
<testsuite hostname="Dell7000" failures="0" tests="5" name="com.deckofcardsapi.testcases.GetNewDeckAPITests" time="2.681" errors="0" timestamp="2020-06-18T13:38:55 EDT" skipped="0">
  <testcase classname="com.deckofcardsapi.testcases.GetNewDeckAPITests" name="checkStatusCode" time="0.188"/>
  <system-out/>
  <testcase classname="com.deckofcardsapi.testcases.GetNewDeckAPITests" name="checkResponseTime" time="0.206"/>
  <system-out/>
  <testcase classname="com.deckofcardsapi.testcases.GetNewDeckAPITests" name="checkResponseKeyAndValue" time="0.750"/>
  <system-out/>
  <testcase classname="com.deckofcardsapi.testcases.GetNewDeckAPITests" name="checkHeaderContent" time="1.307"/>
  <system-out/>
  <testcase classname="com.deckofcardsapi.testcases.GetNewDeckAPITests" name="checkResponseKey" time="0.230"/>
  <system-out/>
</testsuite> <!-- com.deckofcardsapi.testcases.GetNewDeckAPITests -->
